Build started 2014-04-22 20:49:03.
     1>Project "C:\Users\bursant\repo\libdash\libdash\libdash.vcxproj" on node 2 (rebuild target(s)).
     1>_PrepareForClean:
         Deleting file "C:\Users\bursant\repo\libdash\intermediate\libdash\DebugWin32\libdash.lastbuildstate".
       InitializeBuildStatus:
         Creating "C:\Users\bursant\repo\libdash\intermediate\libdash\DebugWin32\libdash.unsuccessfulbuild" because "AlwaysCreate" was specified.
       ClCompile:
         C:\Program Files (x86)\Microsoft Visual Studio 10.0\VC\bin\CL.exe /c /ZI /nologo /W3 /WX- /Od /Oy- /D WIN32 /D _DEBUG /D _WINDOWS /D _USRDLL /D LIBDASH_EXPORTS /D _WINDLL /D _UNICODE /D UNICODE /Gm /EHsc /RTC1 /MDd /GS /fp:precise /Zc:wchar_t /Zc:forScope /Fo"C:\Users\bursant\repo\libdash\intermediate\libdash\DebugWin32\\" /Fd"C:\Users\bursant\repo\libdash\intermediate\libdash\DebugWin32\vc100.pdb" /Gd /TP /analyze- /errorReport:prompt source\helpers\BlockStream.cpp source\helpers\Path.cpp source\helpers\String.cpp source\helpers\SyncedBlockStream.cpp source\helpers\Time.cpp source\metrics\HTTPTransaction.cpp source\metrics\TCPConnection.cpp source\metrics\ThroughputMeasurement.cpp source\mpd\AbstractMPDElement.cpp source\mpd\BaseUrl.cpp source\mpd\ContentComponent.cpp source\mpd\Descriptor.cpp source\mpd\Metrics.cpp source\mpd\MultipleSegmentBase.cpp source\mpd\ProgramInformation.cpp source\mpd\Range.cpp source\mpd\RepresentationBase.cpp source\mpd\Segment.cpp source\mpd\SegmentBase.cpp source\mpd\SegmentList.cpp source\mpd\AdaptationSet.cpp Source\dllmain.cpp Source\libdash.cpp Source\manager\DASHManager.cpp Source\mpd\MPD.cpp Source\mpd\Period.cpp Source\mpd\Representation.cpp source\mpd\SegmentTemplate.cpp source\mpd\SegmentTimeline.cpp source\mpd\SegmentURL.cpp source\mpd\SubRepresentation.cpp source\mpd\Subset.cpp source\mpd\Timeline.cpp source\mpd\URLType.cpp source\network\AbstractChunk.cpp source\network\DownloadStateManager.cpp source\portable\MultiThreading.cpp Source\xml\DOMHelper.cpp Source\xml\DOMParser.cpp Source\xml\Node.cpp
         Node.cpp
         DOMParser.cpp
         DOMHelper.cpp
         MultiThreading.cpp
         DownloadStateManager.cpp
         AbstractChunk.cpp
     1>c:\users\bursant\repo\libdash\libdash\source\network\abstractchunk.cpp(221): warning C4244: 'argument' : conversion from 'unsigned long' to 'uint16_t', possible loss of data
         URLType.cpp
         Timeline.cpp
         Subset.cpp
         SubRepresentation.cpp
         SegmentURL.cpp
         SegmentTimeline.cpp
         SegmentTemplate.cpp
     1>c:\users\bursant\repo\libdash\libdash\source\mpd\segmenttemplate.cpp(139): warning C4996: 'sprintf': This function or variable may be unsafe. Consider using sprintf_s instead. To disable deprecation, use _CRT_SECURE_NO_WARNINGS. See online help for details.
                 c:\program files (x86)\microsoft visual studio 10.0\vc\include\stdio.h(371) : see declaration of 'sprintf'
         Representation.cpp
         Period.cpp
         MPD.cpp
         DASHManager.cpp
         libdash.cpp
         dllmain.cpp
         AdaptationSet.cpp
         Generating Code...
         Compiling...
         SegmentList.cpp
         SegmentBase.cpp
         Segment.cpp
         RepresentationBase.cpp
         Range.cpp
         ProgramInformation.cpp
         MultipleSegmentBase.cpp
         Metrics.cpp
         Descriptor.cpp
         ContentComponent.cpp
         BaseUrl.cpp
         AbstractMPDElement.cpp
         ThroughputMeasurement.cpp
         TCPConnection.cpp
         HTTPTransaction.cpp
         Time.cpp
     1>c:\users\bursant\repo\libdash\libdash\source\helpers\time.cpp(18): warning C4244: 'return' : conversion from 'time_t' to 'uint32_t', possible loss of data
     1>c:\users\bursant\repo\libdash\libdash\source\helpers\time.cpp(33): warning C4996: 'gmtime': This function or variable may be unsafe. Consider using gmtime_s instead. To disable deprecation, use _CRT_SECURE_NO_WARNINGS. See online help for details.
                 c:\program files (x86)\microsoft visual studio 10.0\vc\include\time.inl(99) : see declaration of 'gmtime'
         SyncedBlockStream.cpp
         String.cpp
         Path.cpp
         BlockStream.cpp
         Generating Code...
       ManifestResourceCompile:
         C:\Program Files (x86)\Microsoft SDKs\Windows\v7.0A\bin\rc.exe /nologo /fo"C:\Users\bursant\repo\libdash\intermediate\libdash\DebugWin32\libdashd.dll.embed.manifest.res" C:\Users\bursant\repo\libdash\intermediate\libdash\DebugWin32\libdashd_manifest.rc 
       Link:
         C:\Program Files (x86)\Microsoft Visual Studio 10.0\VC\bin\link.exe /ERRORREPORT:PROMPT /OUT:"C:\Users\bursant\repo\libdash\bin\libdashd.dll" /INCREMENTAL /NOLOGO ws2_32.lib wsock32.lib C:\Users\bursant\repo\libdash\libxml2\lib\libxml2.lib C:\Users\bursant\repo\libdash\iconv\lib\iconv.lib C:\Users\bursant\repo\libdash\zlib\lib\zlib.lib C:\Users\bursant\repo\libdash\libcurl\lib\libcurld_imp.lib kernel32.lib user32.lib gdi32.lib winspool.lib comdlg32.lib advapi32.lib shell32.lib ole32.lib oleaut32.lib uuid.lib odbc32.lib odbccp32.lib /MANIFEST /ManifestFile:"C:\Users\bursant\repo\libdash\intermediate\libdash\DebugWin32\libdashd.dll.intermediate.manifest" /MANIFESTUAC:"level='asInvoker' uiAccess='false'" /DEBUG /PDB:"C:\Users\bursant\repo\libdash\bin\libdashd.pdb" /SUBSYSTEM:WINDOWS /TLBID:1 /DYNAMICBASE /NXCOMPAT /IMPLIB:"C:\Users\bursant\repo\libdash\bin\libdashd.lib" /MACHINE:X86 /DLL C:\Users\bursant\repo\libdash\intermediate\libdash\DebugWin32\libdashd.dll.embed.manifest.res
         C:\Users\bursant\repo\libdash\intermediate\libdash\DebugWin32\BlockStream.obj
         C:\Users\bursant\repo\libdash\intermediate\libdash\DebugWin32\Path.obj
         C:\Users\bursant\repo\libdash\intermediate\libdash\DebugWin32\String.obj
         C:\Users\bursant\repo\libdash\intermediate\libdash\DebugWin32\SyncedBlockStream.obj
         C:\Users\bursant\repo\libdash\intermediate\libdash\DebugWin32\Time.obj
         C:\Users\bursant\repo\libdash\intermediate\libdash\DebugWin32\HTTPTransaction.obj
         C:\Users\bursant\repo\libdash\intermediate\libdash\DebugWin32\TCPConnection.obj
         C:\Users\bursant\repo\libdash\intermediate\libdash\DebugWin32\ThroughputMeasurement.obj
         C:\Users\bursant\repo\libdash\intermediate\libdash\DebugWin32\AbstractMPDElement.obj
         C:\Users\bursant\repo\libdash\intermediate\libdash\DebugWin32\BaseUrl.obj
         C:\Users\bursant\repo\libdash\intermediate\libdash\DebugWin32\ContentComponent.obj
         C:\Users\bursant\repo\libdash\intermediate\libdash\DebugWin32\Descriptor.obj
         C:\Users\bursant\repo\libdash\intermediate\libdash\DebugWin32\Metrics.obj
         C:\Users\bursant\repo\libdash\intermediate\libdash\DebugWin32\MultipleSegmentBase.obj
         C:\Users\bursant\repo\libdash\intermediate\libdash\DebugWin32\ProgramInformation.obj
         C:\Users\bursant\repo\libdash\intermediate\libdash\DebugWin32\Range.obj
         C:\Users\bursant\repo\libdash\intermediate\libdash\DebugWin32\RepresentationBase.obj
         C:\Users\bursant\repo\libdash\intermediate\libdash\DebugWin32\Segment.obj
         C:\Users\bursant\repo\libdash\intermediate\libdash\DebugWin32\SegmentBase.obj
         C:\Users\bursant\repo\libdash\intermediate\libdash\DebugWin32\SegmentList.obj
         C:\Users\bursant\repo\libdash\intermediate\libdash\DebugWin32\AdaptationSet.obj
         C:\Users\bursant\repo\libdash\intermediate\libdash\DebugWin32\dllmain.obj
         C:\Users\bursant\repo\libdash\intermediate\libdash\DebugWin32\libdash.obj
         C:\Users\bursant\repo\libdash\intermediate\libdash\DebugWin32\DASHManager.obj
         C:\Users\bursant\repo\libdash\intermediate\libdash\DebugWin32\MPD.obj
         C:\Users\bursant\repo\libdash\intermediate\libdash\DebugWin32\Period.obj
         C:\Users\bursant\repo\libdash\intermediate\libdash\DebugWin32\Representation.obj
         C:\Users\bursant\repo\libdash\intermediate\libdash\DebugWin32\SegmentTemplate.obj
         C:\Users\bursant\repo\libdash\intermediate\libdash\DebugWin32\SegmentTimeline.obj
         C:\Users\bursant\repo\libdash\intermediate\libdash\DebugWin32\SegmentURL.obj
         C:\Users\bursant\repo\libdash\intermediate\libdash\DebugWin32\SubRepresentation.obj
         C:\Users\bursant\repo\libdash\intermediate\libdash\DebugWin32\Subset.obj
         C:\Users\bursant\repo\libdash\intermediate\libdash\DebugWin32\Timeline.obj
         C:\Users\bursant\repo\libdash\intermediate\libdash\DebugWin32\URLType.obj
         C:\Users\bursant\repo\libdash\intermediate\libdash\DebugWin32\AbstractChunk.obj
         C:\Users\bursant\repo\libdash\intermediate\libdash\DebugWin32\DownloadStateManager.obj
         C:\Users\bursant\repo\libdash\intermediate\libdash\DebugWin32\MultiThreading.obj
         C:\Users\bursant\repo\libdash\intermediate\libdash\DebugWin32\DOMHelper.obj
         C:\Users\bursant\repo\libdash\intermediate\libdash\DebugWin32\DOMParser.obj
         C:\Users\bursant\repo\libdash\intermediate\libdash\DebugWin32\Node.obj
            Creating library C:\Users\bursant\repo\libdash\bin\libdashd.lib and object C:\Users\bursant\repo\libdash\bin\libdashd.exp
       Manifest:
         Deleting file "C:\Users\bursant\repo\libdash\intermediate\libdash\DebugWin32\libdashd.dll.embed.manifest".
         C:\Program Files (x86)\Microsoft SDKs\Windows\v7.0A\bin\mt.exe /nologo /verbose /out:"C:\Users\bursant\repo\libdash\intermediate\libdash\DebugWin32\libdashd.dll.embed.manifest" /manifest C:\Users\bursant\repo\libdash\intermediate\libdash\DebugWin32\libdashd.dll.intermediate.manifest
         C:\Program Files (x86)\Microsoft SDKs\Windows\v7.0A\bin\rc.exe /nologo /fo"C:\Users\bursant\repo\libdash\intermediate\libdash\DebugWin32\libdashd.dll.embed.manifest.res" C:\Users\bursant\repo\libdash\intermediate\libdash\DebugWin32\libdashd_manifest.rc 
       LinkEmbedManifest:
         C:\Program Files (x86)\Microsoft Visual Studio 10.0\VC\bin\link.exe /ERRORREPORT:PROMPT /OUT:"C:\Users\bursant\repo\libdash\bin\libdashd.dll" /INCREMENTAL /NOLOGO ws2_32.lib wsock32.lib C:\Users\bursant\repo\libdash\libxml2\lib\libxml2.lib C:\Users\bursant\repo\libdash\iconv\lib\iconv.lib C:\Users\bursant\repo\libdash\zlib\lib\zlib.lib C:\Users\bursant\repo\libdash\libcurl\lib\libcurld_imp.lib kernel32.lib user32.lib gdi32.lib winspool.lib comdlg32.lib advapi32.lib shell32.lib ole32.lib oleaut32.lib uuid.lib odbc32.lib odbccp32.lib /MANIFEST /ManifestFile:"C:\Users\bursant\repo\libdash\intermediate\libdash\DebugWin32\libdashd.dll.intermediate.manifest" /MANIFESTUAC:"level='asInvoker' uiAccess='false'" /DEBUG /PDB:"C:\Users\bursant\repo\libdash\bin\libdashd.pdb" /SUBSYSTEM:WINDOWS /TLBID:1 /DYNAMICBASE /NXCOMPAT /IMPLIB:"C:\Users\bursant\repo\libdash\bin\libdashd.lib" /MACHINE:X86 /DLL C:\Users\bursant\repo\libdash\intermediate\libdash\DebugWin32\libdashd.dll.embed.manifest.res
         C:\Users\bursant\repo\libdash\intermediate\libdash\DebugWin32\BlockStream.obj
         C:\Users\bursant\repo\libdash\intermediate\libdash\DebugWin32\Path.obj
         C:\Users\bursant\repo\libdash\intermediate\libdash\DebugWin32\String.obj
         C:\Users\bursant\repo\libdash\intermediate\libdash\DebugWin32\SyncedBlockStream.obj
         C:\Users\bursant\repo\libdash\intermediate\libdash\DebugWin32\Time.obj
         C:\Users\bursant\repo\libdash\intermediate\libdash\DebugWin32\HTTPTransaction.obj
         C:\Users\bursant\repo\libdash\intermediate\libdash\DebugWin32\TCPConnection.obj
         C:\Users\bursant\repo\libdash\intermediate\libdash\DebugWin32\ThroughputMeasurement.obj
         C:\Users\bursant\repo\libdash\intermediate\libdash\DebugWin32\AbstractMPDElement.obj
         C:\Users\bursant\repo\libdash\intermediate\libdash\DebugWin32\BaseUrl.obj
         C:\Users\bursant\repo\libdash\intermediate\libdash\DebugWin32\ContentComponent.obj
         C:\Users\bursant\repo\libdash\intermediate\libdash\DebugWin32\Descriptor.obj
         C:\Users\bursant\repo\libdash\intermediate\libdash\DebugWin32\Metrics.obj
         C:\Users\bursant\repo\libdash\intermediate\libdash\DebugWin32\MultipleSegmentBase.obj
         C:\Users\bursant\repo\libdash\intermediate\libdash\DebugWin32\ProgramInformation.obj
         C:\Users\bursant\repo\libdash\intermediate\libdash\DebugWin32\Range.obj
         C:\Users\bursant\repo\libdash\intermediate\libdash\DebugWin32\RepresentationBase.obj
         C:\Users\bursant\repo\libdash\intermediate\libdash\DebugWin32\Segment.obj
         C:\Users\bursant\repo\libdash\intermediate\libdash\DebugWin32\SegmentBase.obj
         C:\Users\bursant\repo\libdash\intermediate\libdash\DebugWin32\SegmentList.obj
         C:\Users\bursant\repo\libdash\intermediate\libdash\DebugWin32\AdaptationSet.obj
         C:\Users\bursant\repo\libdash\intermediate\libdash\DebugWin32\dllmain.obj
         C:\Users\bursant\repo\libdash\intermediate\libdash\DebugWin32\libdash.obj
         C:\Users\bursant\repo\libdash\intermediate\libdash\DebugWin32\DASHManager.obj
         C:\Users\bursant\repo\libdash\intermediate\libdash\DebugWin32\MPD.obj
         C:\Users\bursant\repo\libdash\intermediate\libdash\DebugWin32\Period.obj
         C:\Users\bursant\repo\libdash\intermediate\libdash\DebugWin32\Representation.obj
         C:\Users\bursant\repo\libdash\intermediate\libdash\DebugWin32\SegmentTemplate.obj
         C:\Users\bursant\repo\libdash\intermediate\libdash\DebugWin32\SegmentTimeline.obj
         C:\Users\bursant\repo\libdash\intermediate\libdash\DebugWin32\SegmentURL.obj
         C:\Users\bursant\repo\libdash\intermediate\libdash\DebugWin32\SubRepresentation.obj
         C:\Users\bursant\repo\libdash\intermediate\libdash\DebugWin32\Subset.obj
         C:\Users\bursant\repo\libdash\intermediate\libdash\DebugWin32\Timeline.obj
         C:\Users\bursant\repo\libdash\intermediate\libdash\DebugWin32\URLType.obj
         C:\Users\bursant\repo\libdash\intermediate\libdash\DebugWin32\AbstractChunk.obj
         C:\Users\bursant\repo\libdash\intermediate\libdash\DebugWin32\DownloadStateManager.obj
         C:\Users\bursant\repo\libdash\intermediate\libdash\DebugWin32\MultiThreading.obj
         C:\Users\bursant\repo\libdash\intermediate\libdash\DebugWin32\DOMHelper.obj
         C:\Users\bursant\repo\libdash\intermediate\libdash\DebugWin32\DOMParser.obj
         C:\Users\bursant\repo\libdash\intermediate\libdash\DebugWin32\Node.obj
            Creating library C:\Users\bursant\repo\libdash\bin\libdashd.lib and object C:\Users\bursant\repo\libdash\bin\libdashd.exp
         libdash.vcxproj -> C:\Users\bursant\repo\libdash\bin\libdashd.dll
       FinalizeBuildStatus:
         Deleting file "C:\Users\bursant\repo\libdash\intermediate\libdash\DebugWin32\libdash.unsuccessfulbuild".
         Touching "C:\Users\bursant\repo\libdash\intermediate\libdash\DebugWin32\libdash.lastbuildstate".
     1>Done Building Project "C:\Users\bursant\repo\libdash\libdash\libdash.vcxproj" (rebuild target(s)).

Build succeeded.

Time Elapsed 00:01:01.25
