C:\USERS\BURSANT\REPO\LIBDASH\BIN\SAMPLEPLAYER.EXE
C:\USERS\BURSANT\REPO\LIBDASH\BIN\SAMPLEPLAYER.ILK
C:\USERS\BURSANT\REPO\LIBDASH\BIN\SAMPLEPLAYER.PDB
C:\USERS\BURSANT\REPO\LIBDASH\INTERMEDIATE\SAMPLEPLAYER\DEBUGWIN32\ADAPTATIONLOGIC.OBJ
C:\Users\bursant\repo\libdash\intermediate\sampleplayer\DebugWin32\cl.command.1.tlog
C:\Users\bursant\repo\libdash\intermediate\sampleplayer\DebugWin32\CL.read.1.tlog
C:\Users\bursant\repo\libdash\intermediate\sampleplayer\DebugWin32\CL.write.1.tlog
C:\USERS\BURSANT\REPO\LIBDASH\INTERMEDIATE\SAMPLEPLAYER\DEBUGWIN32\DASHRECEIVER.OBJ
C:\USERS\BURSANT\REPO\LIBDASH\INTERMEDIATE\SAMPLEPLAYER\DEBUGWIN32\LIBAVDECODER.OBJ
C:\Users\bursant\repo\libdash\intermediate\sampleplayer\DebugWin32\link.5548.read.1.tlog
C:\Users\bursant\repo\libdash\intermediate\sampleplayer\DebugWin32\link.5548.write.1.tlog
C:\Users\bursant\repo\libdash\intermediate\sampleplayer\DebugWin32\link.5548-cvtres.read.1.tlog
C:\Users\bursant\repo\libdash\intermediate\sampleplayer\DebugWin32\link.5548-cvtres.write.1.tlog
C:\Users\bursant\repo\libdash\intermediate\sampleplayer\DebugWin32\link.command.1.tlog
C:\Users\bursant\repo\libdash\intermediate\sampleplayer\DebugWin32\link.read.1.tlog
C:\Users\bursant\repo\libdash\intermediate\sampleplayer\DebugWin32\link.write.1.tlog
C:\Users\bursant\repo\libdash\intermediate\sampleplayer\DebugWin32\link-cvtres.read.1.tlog
C:\Users\bursant\repo\libdash\intermediate\sampleplayer\DebugWin32\link-cvtres.write.1.tlog
C:\USERS\BURSANT\REPO\LIBDASH\INTERMEDIATE\SAMPLEPLAYER\DEBUGWIN32\MEDIAOBJECT.OBJ
C:\USERS\BURSANT\REPO\LIBDASH\INTERMEDIATE\SAMPLEPLAYER\DEBUGWIN32\MEDIAOBJECTBUFFER.OBJ
C:\Users\bursant\repo\libdash\intermediate\sampleplayer\DebugWin32\mt.command.1.tlog
C:\Users\bursant\repo\libdash\intermediate\sampleplayer\DebugWin32\mt.read.1.tlog
C:\Users\bursant\repo\libdash\intermediate\sampleplayer\DebugWin32\mt.write.1.tlog
C:\USERS\BURSANT\REPO\LIBDASH\INTERMEDIATE\SAMPLEPLAYER\DEBUGWIN32\MULTITHREADING.OBJ
C:\Users\bursant\repo\libdash\intermediate\sampleplayer\DebugWin32\rc.command.1.tlog
C:\Users\bursant\repo\libdash\intermediate\sampleplayer\DebugWin32\rc.read.1.tlog
C:\Users\bursant\repo\libdash\intermediate\sampleplayer\DebugWin32\rc.write.1.tlog
C:\USERS\BURSANT\REPO\LIBDASH\INTERMEDIATE\SAMPLEPLAYER\DEBUGWIN32\SAMPLEPLAYER.EXE.EMBED.MANIFEST
C:\USERS\BURSANT\REPO\LIBDASH\INTERMEDIATE\SAMPLEPLAYER\DEBUGWIN32\SAMPLEPLAYER.EXE.EMBED.MANIFEST.RES
C:\USERS\BURSANT\REPO\LIBDASH\INTERMEDIATE\SAMPLEPLAYER\DEBUGWIN32\SAMPLEPLAYER.EXE.INTERMEDIATE.MANIFEST
C:\USERS\BURSANT\REPO\LIBDASH\INTERMEDIATE\SAMPLEPLAYER\DEBUGWIN32\SAMPLEPLAYER.OBJ
C:\Users\bursant\repo\libdash\intermediate\sampleplayer\DebugWin32\sampleplayer_manifest.rc
C:\USERS\BURSANT\REPO\LIBDASH\INTERMEDIATE\SAMPLEPLAYER\DEBUGWIN32\SDLRENDERER.OBJ
C:\Users\bursant\repo\libdash\intermediate\sampleplayer\DebugWin32\vc100.idb
C:\USERS\BURSANT\REPO\LIBDASH\INTERMEDIATE\SAMPLEPLAYER\DEBUGWIN32\VC100.PDB
