Build started 2014-04-22 14:01:35.
     1>Project "C:\Users\bursant\repo\libdash\sampleplayer\sampleplayer.vcxproj" on node 3 (rebuild target(s)).
     1>_PrepareForClean:
         Deleting file "C:\Users\bursant\repo\libdash\intermediate\sampleplayer\DebugWin32\sampleplayer.lastbuildstate".
       InitializeBuildStatus:
         Creating "C:\Users\bursant\repo\libdash\intermediate\sampleplayer\DebugWin32\sampleplayer.unsuccessfulbuild" because "AlwaysCreate" was specified.
       ClCompile:
         C:\Program Files (x86)\Microsoft Visual Studio 10.0\VC\bin\CL.exe /c /ZI /nologo /W3 /WX- /Od /Oy- /D WIN32 /D _DEBUG /D _CONSOLE /D _UNICODE /D UNICODE /Gm /EHsc /RTC1 /MDd /GS /fp:precise /Zc:wchar_t /Zc:forScope /Fo"C:\Users\bursant\repo\libdash\intermediate\sampleplayer\DebugWin32\\" /Fd"C:\Users\bursant\repo\libdash\intermediate\sampleplayer\DebugWin32\vc100.pdb" /Gd /TP /analyze- /errorReport:prompt source\Decoder\LibavDecoder.cpp source\Input\AdaptationLogic.cpp source\Input\DASHReceiver.cpp source\Input\MediaObjectBuffer.cpp source\Input\MediaObject.cpp source\Input\MultiThreading.cpp source\Renderer\SDLRenderer.cpp source\sampleplayer.cpp
         sampleplayer.cpp
         SDLRenderer.cpp
         MultiThreading.cpp
         MediaObject.cpp
         MediaObjectBuffer.cpp
         DASHReceiver.cpp
         AdaptationLogic.cpp
         LibavDecoder.cpp
     1>c:\users\bursant\repo\libdash\sampleplayer\source\decoder\libavdecoder.cpp(215): warning C4244: 'argument' : conversion from 'double' to 'DWORD', possible loss of data
     1>c:\users\bursant\repo\libdash\sampleplayer\source\decoder\libavdecoder.cpp(244): warning C4996: 'strcpy': This function or variable may be unsafe. Consider using strcpy_s instead. To disable deprecation, use _CRT_SECURE_NO_WARNINGS. See online help for details.
                 c:\program files (x86)\microsoft visual studio 10.0\vc\include\string.h(105) : see declaration of 'strcpy'
     1>c:\users\bursant\repo\libdash\sampleplayer\source\decoder\libavdecoder.cpp(251): warning C4996: 'strcpy': This function or variable may be unsafe. Consider using strcpy_s instead. To disable deprecation, use _CRT_SECURE_NO_WARNINGS. See online help for details.
                 c:\program files (x86)\microsoft visual studio 10.0\vc\include\string.h(105) : see declaration of 'strcpy'
         Generating Code...
       ManifestResourceCompile:
         C:\Program Files (x86)\Microsoft SDKs\Windows\v7.0A\bin\rc.exe /nologo /fo"C:\Users\bursant\repo\libdash\intermediate\sampleplayer\DebugWin32\sampleplayer.exe.embed.manifest.res" C:\Users\bursant\repo\libdash\intermediate\sampleplayer\DebugWin32\sampleplayer_manifest.rc 
       Link:
         C:\Program Files (x86)\Microsoft Visual Studio 10.0\VC\bin\link.exe /ERRORREPORT:PROMPT /OUT:"C:\Users\bursant\repo\libdash\bin\sampleplayer.exe" /INCREMENTAL /NOLOGO C:\Users\bursant\repo\libdash\sampleplayer\..\libav\lib\avcodec.lib C:\Users\bursant\repo\libdash\sampleplayer\..\libav\lib\avdevice.lib C:\Users\bursant\repo\libdash\sampleplayer\..\libav\lib\avfilter.lib C:\Users\bursant\repo\libdash\sampleplayer\..\libav\lib\avformat.lib C:\Users\bursant\repo\libdash\sampleplayer\..\libav\lib\avutil.lib C:\Users\bursant\repo\libdash\sampleplayer\..\libav\lib\postproc.lib C:\Users\bursant\repo\libdash\sampleplayer\..\libav\lib\swresample.lib C:\Users\bursant\repo\libdash\sampleplayer\..\libav\lib\swscale.lib C:\Users\bursant\repo\libdash\sampleplayer\..\sdl\lib\x86\SDL.lib C:\Users\bursant\repo\libdash\sampleplayer\..\sdl\lib\x86\SDLmain.lib C:\Users\bursant\repo\libdash\bin\libdashd.lib kernel32.lib user32.lib gdi32.lib winspool.lib comdlg32.lib advapi32.lib shell32.lib ole32.lib oleaut32.lib uuid.lib odbc32.lib odbccp32.lib /MANIFEST /ManifestFile:"C:\Users\bursant\repo\libdash\intermediate\sampleplayer\DebugWin32\sampleplayer.exe.intermediate.manifest" /MANIFESTUAC:"level='asInvoker' uiAccess='false'" /DEBUG /PDB:"C:\Users\bursant\repo\libdash\bin\sampleplayer.pdb" /SUBSYSTEM:CONSOLE /TLBID:1 /DYNAMICBASE /NXCOMPAT /IMPLIB:"C:\Users\bursant\repo\libdash\bin\sampleplayer.lib" /MACHINE:X86 C:\Users\bursant\repo\libdash\intermediate\sampleplayer\DebugWin32\sampleplayer.exe.embed.manifest.res
         C:\Users\bursant\repo\libdash\intermediate\sampleplayer\DebugWin32\LibavDecoder.obj
         C:\Users\bursant\repo\libdash\intermediate\sampleplayer\DebugWin32\AdaptationLogic.obj
         C:\Users\bursant\repo\libdash\intermediate\sampleplayer\DebugWin32\DASHReceiver.obj
         C:\Users\bursant\repo\libdash\intermediate\sampleplayer\DebugWin32\MediaObjectBuffer.obj
         C:\Users\bursant\repo\libdash\intermediate\sampleplayer\DebugWin32\MediaObject.obj
         C:\Users\bursant\repo\libdash\intermediate\sampleplayer\DebugWin32\MultiThreading.obj
         C:\Users\bursant\repo\libdash\intermediate\sampleplayer\DebugWin32\SDLRenderer.obj
         C:\Users\bursant\repo\libdash\intermediate\sampleplayer\DebugWin32\sampleplayer.obj
     1>MSVCRTD.lib(cinitexe.obj) : warning LNK4098: defaultlib 'msvcrt.lib' conflicts with use of other libs; use /NODEFAULTLIB:library
       Manifest:
         Deleting file "C:\Users\bursant\repo\libdash\intermediate\sampleplayer\DebugWin32\sampleplayer.exe.embed.manifest".
         C:\Program Files (x86)\Microsoft SDKs\Windows\v7.0A\bin\mt.exe /nologo /verbose /out:"C:\Users\bursant\repo\libdash\intermediate\sampleplayer\DebugWin32\sampleplayer.exe.embed.manifest" /manifest C:\Users\bursant\repo\libdash\intermediate\sampleplayer\DebugWin32\sampleplayer.exe.intermediate.manifest
         C:\Program Files (x86)\Microsoft SDKs\Windows\v7.0A\bin\rc.exe /nologo /fo"C:\Users\bursant\repo\libdash\intermediate\sampleplayer\DebugWin32\sampleplayer.exe.embed.manifest.res" C:\Users\bursant\repo\libdash\intermediate\sampleplayer\DebugWin32\sampleplayer_manifest.rc 
       LinkEmbedManifest:
         C:\Program Files (x86)\Microsoft Visual Studio 10.0\VC\bin\link.exe /ERRORREPORT:PROMPT /OUT:"C:\Users\bursant\repo\libdash\bin\sampleplayer.exe" /INCREMENTAL /NOLOGO C:\Users\bursant\repo\libdash\sampleplayer\..\libav\lib\avcodec.lib C:\Users\bursant\repo\libdash\sampleplayer\..\libav\lib\avdevice.lib C:\Users\bursant\repo\libdash\sampleplayer\..\libav\lib\avfilter.lib C:\Users\bursant\repo\libdash\sampleplayer\..\libav\lib\avformat.lib C:\Users\bursant\repo\libdash\sampleplayer\..\libav\lib\avutil.lib C:\Users\bursant\repo\libdash\sampleplayer\..\libav\lib\postproc.lib C:\Users\bursant\repo\libdash\sampleplayer\..\libav\lib\swresample.lib C:\Users\bursant\repo\libdash\sampleplayer\..\libav\lib\swscale.lib C:\Users\bursant\repo\libdash\sampleplayer\..\sdl\lib\x86\SDL.lib C:\Users\bursant\repo\libdash\sampleplayer\..\sdl\lib\x86\SDLmain.lib C:\Users\bursant\repo\libdash\bin\libdashd.lib kernel32.lib user32.lib gdi32.lib winspool.lib comdlg32.lib advapi32.lib shell32.lib ole32.lib oleaut32.lib uuid.lib odbc32.lib odbccp32.lib /MANIFEST /ManifestFile:"C:\Users\bursant\repo\libdash\intermediate\sampleplayer\DebugWin32\sampleplayer.exe.intermediate.manifest" /MANIFESTUAC:"level='asInvoker' uiAccess='false'" /DEBUG /PDB:"C:\Users\bursant\repo\libdash\bin\sampleplayer.pdb" /SUBSYSTEM:CONSOLE /TLBID:1 /DYNAMICBASE /NXCOMPAT /IMPLIB:"C:\Users\bursant\repo\libdash\bin\sampleplayer.lib" /MACHINE:X86 C:\Users\bursant\repo\libdash\intermediate\sampleplayer\DebugWin32\sampleplayer.exe.embed.manifest.res
         C:\Users\bursant\repo\libdash\intermediate\sampleplayer\DebugWin32\LibavDecoder.obj
         C:\Users\bursant\repo\libdash\intermediate\sampleplayer\DebugWin32\AdaptationLogic.obj
         C:\Users\bursant\repo\libdash\intermediate\sampleplayer\DebugWin32\DASHReceiver.obj
         C:\Users\bursant\repo\libdash\intermediate\sampleplayer\DebugWin32\MediaObjectBuffer.obj
         C:\Users\bursant\repo\libdash\intermediate\sampleplayer\DebugWin32\MediaObject.obj
         C:\Users\bursant\repo\libdash\intermediate\sampleplayer\DebugWin32\MultiThreading.obj
         C:\Users\bursant\repo\libdash\intermediate\sampleplayer\DebugWin32\SDLRenderer.obj
         C:\Users\bursant\repo\libdash\intermediate\sampleplayer\DebugWin32\sampleplayer.obj
     1>MSVCRTD.lib(cinitexe.obj) : warning LNK4098: defaultlib 'msvcrt.lib' conflicts with use of other libs; use /NODEFAULTLIB:library
         sampleplayer.vcxproj -> C:\Users\bursant\repo\libdash\bin\sampleplayer.exe
       FinalizeBuildStatus:
         Deleting file "C:\Users\bursant\repo\libdash\intermediate\sampleplayer\DebugWin32\sampleplayer.unsuccessfulbuild".
         Touching "C:\Users\bursant\repo\libdash\intermediate\sampleplayer\DebugWin32\sampleplayer.lastbuildstate".
     1>Done Building Project "C:\Users\bursant\repo\libdash\sampleplayer\sampleplayer.vcxproj" (rebuild target(s)).

Build succeeded.

Time Elapsed 00:00:15.79
