Build started 2014-04-22 15:09:32.
     1>Project "C:\Users\bursant\repo\libdash\clientdash\clientdash.vcxproj" on node 2 (build target(s)).
     1>InitializeBuildStatus:
         Creating "C:\Users\bursant\repo\libdash\intermediate\clientdash\DebugWin32\clientdash.unsuccessfulbuild" because "AlwaysCreate" was specified.
       ClCompile:
         C:\Program Files (x86)\Microsoft Visual Studio 10.0\VC\bin\CL.exe /c /ZI /nologo /W3 /WX- /Od /Oy- /D WIN32 /D _DEBUG /D _CONSOLE /D _UNICODE /D UNICODE /Gm /EHsc /RTC1 /MDd /GS /fp:precise /Zc:wchar_t /Zc:forScope /Fo"C:\Users\bursant\repo\libdash\intermediate\clientdash\DebugWin32\\" /Fd"C:\Users\bursant\repo\libdash\intermediate\clientdash\DebugWin32\vc100.pdb" /Gd /TP /analyze- /errorReport:prompt Adaptation.cpp Buffer.cpp BufferItem.cpp ClientDASH.cpp Downloader.cpp LibavDecoder.cpp Logger.cpp SDLRenderer.cpp
         SDLRenderer.cpp
         Logger.cpp
         LibavDecoder.cpp
     1>c:\users\bursant\repo\libdash\clientdash\libavdecoder.cpp(201): warning C4244: 'argument' : conversion from 'double' to 'DWORD', possible loss of data
     1>c:\users\bursant\repo\libdash\clientdash\libavdecoder.cpp(230): warning C4996: 'strcpy': This function or variable may be unsafe. Consider using strcpy_s instead. To disable deprecation, use _CRT_SECURE_NO_WARNINGS. See online help for details.
                 c:\program files (x86)\microsoft visual studio 10.0\vc\include\string.h(105) : see declaration of 'strcpy'
     1>c:\users\bursant\repo\libdash\clientdash\libavdecoder.cpp(237): warning C4996: 'strcpy': This function or variable may be unsafe. Consider using strcpy_s instead. To disable deprecation, use _CRT_SECURE_NO_WARNINGS. See online help for details.
                 c:\program files (x86)\microsoft visual studio 10.0\vc\include\string.h(105) : see declaration of 'strcpy'
         Downloader.cpp
         ClientDASH.cpp
         BufferItem.cpp
         Buffer.cpp
         Adaptation.cpp
         Generating Code...
       Link:
         C:\Program Files (x86)\Microsoft Visual Studio 10.0\VC\bin\link.exe /ERRORREPORT:PROMPT /OUT:"C:\Users\bursant\repo\libdash\bin\clientdash.exe" /INCREMENTAL:NO /NOLOGO C:\Users\bursant\repo\libdash\clientdash\..\libav\lib\avcodec.lib C:\Users\bursant\repo\libdash\clientdash\..\libav\lib\avdevice.lib C:\Users\bursant\repo\libdash\clientdash\..\libav\lib\avfilter.lib C:\Users\bursant\repo\libdash\clientdash\..\libav\lib\avformat.lib C:\Users\bursant\repo\libdash\clientdash\..\libav\lib\avutil.lib C:\Users\bursant\repo\libdash\clientdash\..\libav\lib\postproc.lib C:\Users\bursant\repo\libdash\clientdash\..\libav\lib\swresample.lib C:\Users\bursant\repo\libdash\clientdash\..\libav\lib\swscale.lib C:\Users\bursant\repo\libdash\clientdash\..\sdl\lib\x86\SDL.lib C:\Users\bursant\repo\libdash\clientdash\..\sdl\lib\x86\SDLmain.lib C:\Users\bursant\repo\libdash\bin\libdashd.lib kernel32.lib user32.lib gdi32.lib winspool.lib comdlg32.lib advapi32.lib shell32.lib ole32.lib oleaut32.lib uuid.lib odbc32.lib odbccp32.lib /MANIFEST /ManifestFile:"C:\Users\bursant\repo\libdash\intermediate\clientdash\DebugWin32\clientdash.exe.intermediate.manifest" /MANIFESTUAC:"level='asInvoker' uiAccess='false'" /DEBUG /PDB:"C:\Users\bursant\repo\libdash\bin\clientdash.pdb" /SUBSYSTEM:CONSOLE /TLBID:1 /DYNAMICBASE /NXCOMPAT /IMPLIB:"C:\Users\bursant\repo\libdash\bin\clientdash.lib" /MACHINE:X86 C:\Users\bursant\repo\libdash\intermediate\clientdash\DebugWin32\Adaptation.obj
         C:\Users\bursant\repo\libdash\intermediate\clientdash\DebugWin32\Buffer.obj
         C:\Users\bursant\repo\libdash\intermediate\clientdash\DebugWin32\BufferItem.obj
         C:\Users\bursant\repo\libdash\intermediate\clientdash\DebugWin32\ClientDASH.obj
         C:\Users\bursant\repo\libdash\intermediate\clientdash\DebugWin32\Downloader.obj
         C:\Users\bursant\repo\libdash\intermediate\clientdash\DebugWin32\LibavDecoder.obj
         C:\Users\bursant\repo\libdash\intermediate\clientdash\DebugWin32\Logger.obj
         C:\Users\bursant\repo\libdash\intermediate\clientdash\DebugWin32\SDLRenderer.obj
     1>Adaptation.obj : warning LNK4075: ignoring '/EDITANDCONTINUE' due to '/INCREMENTAL:NO' specification
         clientdash.vcxproj -> C:\Users\bursant\repo\libdash\bin\clientdash.exe
       Manifest:
         C:\Program Files (x86)\Microsoft SDKs\Windows\v7.0A\bin\mt.exe /nologo /verbose /outputresource:"C:\Users\bursant\repo\libdash\bin\clientdash.exe;#1" /manifest C:\Users\bursant\repo\libdash\intermediate\clientdash\DebugWin32\clientdash.exe.intermediate.manifest
       FinalizeBuildStatus:
         Deleting file "C:\Users\bursant\repo\libdash\intermediate\clientdash\DebugWin32\clientdash.unsuccessfulbuild".
         Touching "C:\Users\bursant\repo\libdash\intermediate\clientdash\DebugWin32\clientdash.lastbuildstate".
     1>Done Building Project "C:\Users\bursant\repo\libdash\clientdash\clientdash.vcxproj" (build target(s)).

Build succeeded.

Time Elapsed 00:00:06.61
