Build started 2014-03-16 10:56:22.
     1>Project "G:\Studies\Magisterka\Repository\Libdash\libdash\client\client.vcxproj" on node 3 (rebuild target(s)).
     1>InitializeBuildStatus:
         Creating "G:\Studies\Magisterka\Repository\Libdash\libdash\intermediate\client\DebugWin32\client.unsuccessfulbuild" because "AlwaysCreate" was specified.
       ClCompile:
         C:\Program Files (x86)\Microsoft Visual Studio 10.0\VC\bin\CL.exe /c /ZI /nologo /W3 /WX- /Od /Oy- /D _MBCS /Gm /EHsc /RTC1 /MDd /GS /fp:precise /Zc:wchar_t /Zc:forScope /Fo"G:\Studies\Magisterka\Repository\Libdash\libdash\intermediate\client\DebugWin32\\" /Fd"G:\Studies\Magisterka\Repository\Libdash\libdash\intermediate\client\DebugWin32\vc100.pdb" /Gd /TP /analyze- /errorReport:prompt Client.cpp Downloader.cpp
         Downloader.cpp
         Client.cpp
         Generating Code...
       Link:
         C:\Program Files (x86)\Microsoft Visual Studio 10.0\VC\bin\link.exe /ERRORREPORT:PROMPT /OUT:"G:\Studies\Magisterka\Repository\Libdash\libdash\bin\client.exe" /INCREMENTAL:NO /NOLOGO kernel32.lib user32.lib gdi32.lib winspool.lib comdlg32.lib advapi32.lib shell32.lib ole32.lib oleaut32.lib uuid.lib odbc32.lib odbccp32.lib /MANIFEST /ManifestFile:"G:\Studies\Magisterka\Repository\Libdash\libdash\intermediate\client\DebugWin32\client.exe.intermediate.manifest" /MANIFESTUAC:"level='asInvoker' uiAccess='false'" /DEBUG /PDB:"G:\Studies\Magisterka\Repository\Libdash\libdash\bin\client.pdb" /TLBID:1 /DYNAMICBASE /NXCOMPAT /IMPLIB:"G:\Studies\Magisterka\Repository\Libdash\libdash\bin\client.lib" /MACHINE:X86 G:\Studies\Magisterka\Repository\Libdash\libdash\intermediate\client\DebugWin32\Client.obj
         G:\Studies\Magisterka\Repository\Libdash\libdash\intermediate\client\DebugWin32\Downloader.obj
     1>Client.obj : warning LNK4075: ignoring '/EDITANDCONTINUE' due to '/INCREMENTAL:NO' specification
         client.vcxproj -> G:\Studies\Magisterka\Repository\Libdash\libdash\bin\client.exe
       Manifest:
         C:\Program Files (x86)\Microsoft SDKs\Windows\v7.0A\bin\mt.exe /nologo /verbose /outputresource:"G:\Studies\Magisterka\Repository\Libdash\libdash\bin\client.exe;#1" /manifest G:\Studies\Magisterka\Repository\Libdash\libdash\intermediate\client\DebugWin32\client.exe.intermediate.manifest
       FinalizeBuildStatus:
         Deleting file "G:\Studies\Magisterka\Repository\Libdash\libdash\intermediate\client\DebugWin32\client.unsuccessfulbuild".
         Touching "G:\Studies\Magisterka\Repository\Libdash\libdash\intermediate\client\DebugWin32\client.lastbuildstate".
     1>Done Building Project "G:\Studies\Magisterka\Repository\Libdash\libdash\client\client.vcxproj" (rebuild target(s)).

Build succeeded.

Time Elapsed 00:00:00.69
